<?xml version="1.0" encoding="UTF-8"?>
<!-- Generated by org.testng.reporters.JUnitXMLReporter -->
<testsuite ignored="0" hostname="Ramya" failures="1" tests="1" name="Default test(failed)" time="0.413" errors="0" timestamp="2025-04-13T13:48:53 IST">
  <testcase classname="unitTest.UnitTest" name="test_case_1" time="0.168">
    <failure type="java.lang.AssertionError" message="expected [https://www.google.com/] but found [https://www.google.c3434/]">
      <![CDATA[java.lang.AssertionError: expected [https://www.google.com/] but found [https://www.google.c3434/]
at unitTest.UnitTest.test_case_1(UnitTest.java:31)
at java.base/java.util.ArrayList.forEach(ArrayList.java:1596)
... Removed 31 stack frames]]>
    </failure>
  </testcase> <!-- test_case_1 -->
</testsuite> <!-- Default test(failed) -->
